#
# There is insufficient memory for the Java Runtime Environment to continue.
# Native memory allocation (mmap) failed to map 536870912 bytes for committing reserved memory.
# Possible reasons:
#   The system is out of physical RAM or swap space
#   In 32 bit mode, the process size limit was hit
# Possible solutions:
#   Reduce memory load on the system
#   Increase physical memory or swap space
#   Check if swap backing store is full
#   Use 64 bit Java on a 64 bit OS
#   Decrease Java heap size (-Xmx/-Xms)
#   Decrease number of Java threads
#   Decrease Java thread stack sizes (-Xss)
#   Set larger code cache with -XX:ReservedCodeCacheSize=
# This output file may be truncated or incomplete.
#
#  Out of Memory Error (os_linux.cpp:2630), pid=21015, tid=0x00007f32dfafa700
#
# JRE version: OpenJDK Runtime Environment (8.0_121-b13) (build 1.8.0_121-8u121-b13-0ubuntu1.16.04.2-b13)
# Java VM: OpenJDK 64-Bit Server VM (25.121-b13 mixed mode linux-amd64 compressed oops)
# Failed to write core dump. Core dumps have been disabled. To enable core dumping, try "ulimit -c unlimited" before starting Java again
#

---------------  T H R E A D  ---------------

Current thread (0x00007f32fc077000):  VMThread [stack: 0x00007f32df9fa000,0x00007f32dfafb000] [id=21026]

Stack: [0x00007f32df9fa000,0x00007f32dfafb000],  sp=0x00007f32dfaf94c0,  free space=1021k
Native frames: (J=compiled Java code, j=interpreted, Vv=VM code, C=native code)
V  [libjvm.so+0xa6647b]
V  [libjvm.so+0x4c32dc]
V  [libjvm.so+0x8b4b60]
V  [libjvm.so+0x8aefde]
V  [libjvm.so+0x929a16]
V  [libjvm.so+0x92ad43]
V  [libjvm.so+0x9273f3]
V  [libjvm.so+0x9276bc]
V  [libjvm.so+0x8d9553]
V  [libjvm.so+0xa68132]
V  [libjvm.so+0xa6d217]
V  [libjvm.so+0xa6a9e7]
V  [libjvm.so+0xa6be6f]
V  [libjvm.so+0xa6c361]
V  [libjvm.so+0x8b2042]

VM_Operation (0x00007f330599f710): ParallelGCFailedAllocation, mode: safepoint, requested by thread 0x00007f32fc00a000


---------------  P R O C E S S  ---------------

Java Threads: ( => current thread )
  0x00007f32a00dc000 JavaThread "RMI TCP Accept-0" daemon [_thread_in_native, id=21047, stack(0x00007f32de0a7000,0x00007f32de1a8000)]
  0x00007f32b8001000 JavaThread "Attach Listener" daemon [_thread_blocked, id=21039, stack(0x00007f32dece9000,0x00007f32dedea000)]
  0x00007f32fc0c2000 JavaThread "Service Thread" daemon [_thread_blocked, id=21033, stack(0x00007f32deeeb000,0x00007f32defec000)]
  0x00007f32fc0b2800 JavaThread "C1 CompilerThread2" daemon [_thread_blocked, id=21032, stack(0x00007f32defec000,0x00007f32df0ed000)]
  0x00007f32fc0b1000 JavaThread "C2 CompilerThread1" daemon [_thread_blocked, id=21031, stack(0x00007f32df0ed000,0x00007f32df1ee000)]
  0x00007f32fc0ae000 JavaThread "C2 CompilerThread0" daemon [_thread_blocked, id=21030, stack(0x00007f32df1ee000,0x00007f32df2ef000)]
  0x00007f32fc0ac000 JavaThread "Signal Dispatcher" daemon [_thread_blocked, id=21029, stack(0x00007f32df2ef000,0x00007f32df3f0000)]
  0x00007f32fc083800 JavaThread "Finalizer" daemon [_thread_blocked, id=21028, stack(0x00007f32df7f8000,0x00007f32df8f9000)]
  0x00007f32fc07f000 JavaThread "Reference Handler" daemon [_thread_blocked, id=21027, stack(0x00007f32df8f9000,0x00007f32df9fa000)]
  0x00007f32fc00a000 JavaThread "main" [_thread_blocked, id=21021, stack(0x00007f33058a0000,0x00007f33059a1000)]

Other Threads:
=>0x00007f32fc077000 VMThread [stack: 0x00007f32df9fa000,0x00007f32dfafb000] [id=21026]
  0x00007f32fc0c4800 WatcherThread [stack: 0x00007f32dedea000,0x00007f32deeeb000] [id=21034]

VM state:at safepoint (normal execution)

VM Mutex/Monitor currently owned by a thread:  ([mutex/lock_event])
[0x00007f32fc0061a0] Threads_lock - owner thread: 0x00007f32fc077000
[0x00007f32fc0066a0] Heap_lock - owner thread: 0x00007f32fc00a000

Heap:
 PSYoungGen      total 567808K, used 43507K [0x000000076ab00000, 0x0000000790000000, 0x00000007c0000000)
  eden space 524288K, 0% used [0x000000076ab00000,0x000000076ab00000,0x000000078ab00000)
  from space 43520K, 99% used [0x000000078ab00000,0x000000078d57cfe0,0x000000078d580000)
  to   space 43520K, 0% used [0x000000078d580000,0x000000078d580000,0x0000000790000000)
 ParOldGen       total 699392K, used 528025K [0x00000006c0000000, 0x00000006eab00000, 0x000000076ab00000)
  object space 699392K, 75% used [0x00000006c0000000,0x00000006e03a66d0,0x00000006eab00000)
 Metaspace       used 7491K, capacity 7648K, committed 7936K, reserved 1056768K
  class space    used 863K, capacity 923K, committed 1024K, reserved 1048576K

Card table byte_map: [0x00007f330176f000,0x00007f3301f70000] byte_map_base: 0x00007f32fe16f000

Marking Bits: (ParMarkBitMap*) 0x00007f3304b80220
 Begin Bits: [0x00007f32e5000000, 0x00007f32e9000000)
 End Bits:   [0x00007f32e9000000, 0x00007f32ed000000)

Polling page: 0x00007f33059d2000

CodeCache: size=245760Kb used=2281Kb max_used=2292Kb free=243478Kb
 bounds [0x00007f32ed000000, 0x00007f32ed270000, 0x00007f32fc000000]
 total_blobs=883 nmethods=560 adapters=238
 compilation: enabled

Compilation events (10 events):
Event: 1,503 Thread 0x00007f32fc0b2800  556       3       java.util.HashMap$KeySet::iterator (12 bytes)
Event: 1,503 Thread 0x00007f32fc0b2800 nmethod 556 0x00007f32ed23a210 code [0x00007f32ed23a380, 0x00007f32ed23a5e8]
Event: 1,503 Thread 0x00007f32fc0b2800  557       3       java.util.HashMap$KeyIterator::<init> (11 bytes)
Event: 1,503 Thread 0x00007f32fc0b2800 nmethod 557 0x00007f32ed235990 code [0x00007f32ed235b00, 0x00007f32ed235ca8]
Event: 1,998 Thread 0x00007f32fc0ae000  558       4       java.util.HashMap$HashIterator::<init> (79 bytes)
Event: 2,002 Thread 0x00007f32fc0ae000 nmethod 558 0x00007f32ed23d5d0 code [0x00007f32ed23d720, 0x00007f32ed23da18]
Event: 2,385 Thread 0x00007f32fc0b1000  559       4       java.util.TreeMap::getEntry (84 bytes)
Event: 2,388 Thread 0x00007f32fc0b1000 nmethod 559 0x00007f32ed23db50 code [0x00007f32ed23dcc0, 0x00007f32ed23deb8]
Event: 2,657 Thread 0x00007f32fc0ae000  560       4       java.util.TreeMap::firstKey (8 bytes)
Event: 2,658 Thread 0x00007f32fc0ae000 nmethod 560 0x00007f32ed23e150 code [0x00007f32ed23e2a0, 0x00007f32ed23e358]

GC Heap History (5 events):
Event: 1,693 GC heap before
{Heap before GC invocations=1 (full 0):
 PSYoungGen      total 305664K, used 262144K [0x000000076ab00000, 0x0000000780000000, 0x00000007c0000000)
  eden space 262144K, 100% used [0x000000076ab00000,0x000000077ab00000,0x000000077ab00000)
  from space 43520K, 0% used [0x000000077d580000,0x000000077d580000,0x0000000780000000)
  to   space 43520K, 0% used [0x000000077ab00000,0x000000077ab00000,0x000000077d580000)
 ParOldGen       total 699392K, used 0K [0x00000006c0000000, 0x00000006eab00000, 0x000000076ab00000)
  object space 699392K, 0% used [0x00000006c0000000,0x00000006c0000000,0x00000006eab00000)
 Metaspace       used 7490K, capacity 7648K, committed 7936K, reserved 1056768K
  class space    used 863K, capacity 923K, committed 1024K, reserved 1048576K
Event: 1,903 GC heap after
Heap after GC invocations=1 (full 0):
 PSYoungGen      total 305664K, used 43499K [0x000000076ab00000, 0x0000000790000000, 0x00000007c0000000)
  eden space 262144K, 0% used [0x000000076ab00000,0x000000076ab00000,0x000000077ab00000)
  from space 43520K, 99% used [0x000000077ab00000,0x000000077d57ac40,0x000000077d580000)
  to   space 43520K, 0% used [0x000000078d580000,0x000000078d580000,0x0000000790000000)
 ParOldGen       total 699392K, used 88258K [0x00000006c0000000, 0x00000006eab00000, 0x000000076ab00000)
  object space 699392K, 12% used [0x00000006c0000000,0x00000006c5630850,0x00000006eab00000)
 Metaspace       used 7490K, capacity 7648K, committed 7936K, reserved 1056768K
  class space    used 863K, capacity 923K, committed 1024K, reserved 1048576K
}
Event: 2,018 GC heap before
{Heap before GC invocations=2 (full 0):
 PSYoungGen      total 305664K, used 305643K [0x000000076ab00000, 0x0000000790000000, 0x00000007c0000000)
  eden space 262144K, 100% used [0x000000076ab00000,0x000000077ab00000,0x000000077ab00000)
  from space 43520K, 99% used [0x000000077ab00000,0x000000077d57ac40,0x000000077d580000)
  to   space 43520K, 0% used [0x000000078d580000,0x000000078d580000,0x0000000790000000)
 ParOldGen       total 699392K, used 88258K [0x00000006c0000000, 0x00000006eab00000, 0x000000076ab00000)
  object space 699392K, 12% used [0x00000006c0000000,0x00000006c5630850,0x00000006eab00000)
 Metaspace       used 7491K, capacity 7648K, committed 7936K, reserved 1056768K
  class space    used 863K, capacity 923K, committed 1024K, reserved 1048576K
Event: 2,354 GC heap after
Heap after GC invocations=2 (full 0):
 PSYoungGen      total 567808K, used 43491K [0x000000076ab00000, 0x0000000790000000, 0x00000007c0000000)
  eden space 524288K, 0% used [0x000000076ab00000,0x000000076ab00000,0x000000078ab00000)
  from space 43520K, 99% used [0x000000078d580000,0x000000078fff8ff0,0x0000000790000000)
  to   space 43520K, 0% used [0x000000078ab00000,0x000000078ab00000,0x000000078d580000)
 ParOldGen       total 699392K, used 234735K [0x00000006c0000000, 0x00000006eab00000, 0x000000076ab00000)
  object space 699392K, 33% used [0x00000006c0000000,0x00000006ce53be60,0x00000006eab00000)
 Metaspace       used 7491K, capacity 7648K, committed 7936K, reserved 1056768K
  class space    used 863K, capacity 923K, committed 1024K, reserved 1048576K
}
Event: 2,867 GC heap before
{Heap before GC invocations=3 (full 0):
 PSYoungGen      total 567808K, used 567779K [0x000000076ab00000, 0x0000000790000000, 0x00000007c0000000)
  eden space 524288K, 100% used [0x000000076ab00000,0x000000078ab00000,0x000000078ab00000)
  from space 43520K, 99% used [0x000000078d580000,0x000000078fff8ff0,0x0000000790000000)
  to   space 43520K, 0% used [0x000000078ab00000,0x000000078ab00000,0x000000078d580000)
 ParOldGen       total 699392K, used 234735K [0x00000006c0000000, 0x00000006eab00000, 0x000000076ab00000)
  object space 699392K, 33% used [0x00000006c0000000,0x00000006ce53be60,0x00000006eab00000)
 Metaspace       used 7491K, capacity 7648K, committed 7936K, reserved 1056768K
  class space    used 863K, capacity 923K, committed 1024K, reserved 1048576K

Deoptimization events (10 events):
Event: 1,149 Thread 0x00007f32b8001000 Uncommon trap: reason=class_check action=maybe_recompile pc=0x00007f32ed196e3c method=java.util.HashMap.putVal(ILjava/lang/Object;Ljava/lang/Object;ZZ)Ljava/lang/Object; @ 91
Event: 1,152 Thread 0x00007f32b8001000 Uncommon trap: reason=unstable_if action=reinterpret pc=0x00007f32ed196de4 method=java.util.HashMap.putVal(ILjava/lang/Object;Ljava/lang/Object;ZZ)Ljava/lang/Object; @ 181
Event: 1,161 Thread 0x00007f32b8001000 Uncommon trap: reason=class_check action=maybe_recompile pc=0x00007f32ed19419c method=java.util.HashMap.getNode(ILjava/lang/Object;)Ljava/util/HashMap$Node; @ 126
Event: 1,161 Thread 0x00007f32b8001000 Uncommon trap: reason=unstable_if action=reinterpret pc=0x00007f32ed1941b0 method=java.util.HashMap.getNode(ILjava/lang/Object;)Ljava/util/HashMap$Node; @ 62
Event: 1,222 Thread 0x00007f32fc00a000 Uncommon trap: reason=unstable_if action=reinterpret pc=0x00007f32ed1697cc method=java.util.ArrayList.fastRemove(I)V @ 20
Event: 1,258 Thread 0x00007f32b8001000 Uncommon trap: reason=speculate_class_check action=maybe_recompile pc=0x00007f32ed1b9c14 method=java.util.HashMap.putVal(ILjava/lang/Object;Ljava/lang/Object;ZZ)Ljava/lang/Object; @ 56
Event: 1,258 Thread 0x00007f32b8001000 Uncommon trap: reason=speculate_class_check action=maybe_recompile pc=0x00007f32ed1b9c14 method=java.util.HashMap.putVal(ILjava/lang/Object;Ljava/lang/Object;ZZ)Ljava/lang/Object; @ 56
Event: 1,440 Thread 0x00007f32b8001000 Uncommon trap: reason=unstable_if action=reinterpret pc=0x00007f32ed12bb8c method=java.lang.String.<init>([CII)V @ 18
Event: 1,448 Thread 0x00007f32b8001000 Uncommon trap: reason=unstable_if action=reinterpret pc=0x00007f32ed1816f8 method=java.nio.charset.CharsetEncoder.encode(Ljava/nio/CharBuffer;Ljava/nio/ByteBuffer;Z)Ljava/nio/charset/CoderResult; @ 15
Event: 1,448 Thread 0x00007f32b8001000 Uncommon trap: reason=class_check action=maybe_recompile pc=0x00007f32ed1610b8 method=sun.nio.cs.StreamEncoder.writeBytes()V @ 120

Internal exceptions (10 events):
Event: 1,171 Thread 0x00007f32b8001000 Exception <a 'java/lang/ArrayIndexOutOfBoundsException'> (0x000000076c19a1a8) thrown at [/build/openjdk-8-YiEakL/openjdk-8-8u121-b13/src/hotspot/src/share/vm/runtime/sharedRuntime.cpp, line 605]
Event: 1,173 Thread 0x00007f32b8001000 Exception <a 'java/lang/ArrayIndexOutOfBoundsException'> (0x000000076c19ff38) thrown at [/build/openjdk-8-YiEakL/openjdk-8-8u121-b13/src/hotspot/src/share/vm/runtime/sharedRuntime.cpp, line 605]
Event: 1,185 Thread 0x00007f32b8001000 Exception <a 'java/lang/ArrayIndexOutOfBoundsException'> (0x000000076c1ce670) thrown at [/build/openjdk-8-YiEakL/openjdk-8-8u121-b13/src/hotspot/src/share/vm/runtime/sharedRuntime.cpp, line 605]
Event: 1,185 Thread 0x00007f32b8001000 Exception <a 'java/lang/ArrayIndexOutOfBoundsException'> (0x000000076c1cfd10) thrown at [/build/openjdk-8-YiEakL/openjdk-8-8u121-b13/src/hotspot/src/share/vm/runtime/sharedRuntime.cpp, line 605]
Event: 1,186 Thread 0x00007f32b8001000 Exception <a 'java/lang/ArrayIndexOutOfBoundsException'> (0x000000076c1d22c8) thrown at [/build/openjdk-8-YiEakL/openjdk-8-8u121-b13/src/hotspot/src/share/vm/runtime/sharedRuntime.cpp, line 605]
Event: 1,200 Thread 0x00007f32b8001000 Exception <a 'java/lang/ArrayIndexOutOfBoundsException'> (0x000000076c1ff778) thrown at [/build/openjdk-8-YiEakL/openjdk-8-8u121-b13/src/hotspot/src/share/vm/runtime/sharedRuntime.cpp, line 605]
Event: 1,212 Thread 0x00007f32b8001000 Exception <a 'java/lang/ArrayIndexOutOfBoundsException'> (0x000000076c21fa28) thrown at [/build/openjdk-8-YiEakL/openjdk-8-8u121-b13/src/hotspot/src/share/vm/runtime/sharedRuntime.cpp, line 605]
Event: 1,267 Thread 0x00007f32b8001000 Exception <a 'java/lang/ClassNotFoundException': javax/management/remote/rmi/RMIJRMPServerImpl$ExportedWrapper_Stub> (0x000000076c2f7bd8) thrown at [/build/openjdk-8-YiEakL/openjdk-8-8u121-b13/src/hotspot/src/share/vm/classfile/systemDictionary.cpp, line 
Event: 1,367 Thread 0x00007f32b8001000 Exception <a 'java/lang/NoSuchFieldError': method resolution failed> (0x000000076c43f3c0) thrown at [/build/openjdk-8-YiEakL/openjdk-8-8u121-b13/src/hotspot/src/share/vm/prims/methodHandles.cpp, line 1146]
Event: 1,373 Thread 0x00007f32b8001000 Exception <a 'java/lang/NoSuchFieldError': method resolution failed> (0x000000076c44d5d8) thrown at [/build/openjdk-8-YiEakL/openjdk-8-8u121-b13/src/hotspot/src/share/vm/prims/methodHandles.cpp, line 1146]

Events (10 events):
Event: 1,448 Thread 0x00007f32b8001000 DEOPT PACKING pc=0x00007f32ed1816f8 sp=0x00007f32dede8620
Event: 1,448 Thread 0x00007f32b8001000 DEOPT UNPACKING pc=0x00007f32ed004f69 sp=0x00007f32dede8460 mode 2
Event: 1,448 Thread 0x00007f32b8001000 Uncommon trap: trap_request=0xffffffde fr.pc=0x00007f32ed1610b8
Event: 1,448 Thread 0x00007f32b8001000 DEOPT PACKING pc=0x00007f32ed1610b8 sp=0x00007f32dede8530
Event: 1,448 Thread 0x00007f32b8001000 DEOPT UNPACKING pc=0x00007f32ed004f69 sp=0x00007f32dede8500 mode 2
Event: 1,693 Executing VM operation: ParallelGCFailedAllocation
Event: 1,903 Executing VM operation: ParallelGCFailedAllocation done
Event: 2,018 Executing VM operation: ParallelGCFailedAllocation
Event: 2,354 Executing VM operation: ParallelGCFailedAllocation done
Event: 2,867 Executing VM operation: ParallelGCFailedAllocation


Dynamic libraries:
00400000-00401000 r-xp 00000000 08:11 1318719                            /usr/lib/jvm/java-8-openjdk-amd64/jre/bin/java
00600000-00601000 r--p 00000000 08:11 1318719                            /usr/lib/jvm/java-8-openjdk-amd64/jre/bin/java
00601000-00602000 rw-p 00001000 08:11 1318719                            /usr/lib/jvm/java-8-openjdk-amd64/jre/bin/java
01825000-01846000 rw-p 00000000 00:00 0                                  [heap]
6c0000000-6eab00000 rw-p 00000000 00:00 0 
6eab00000-76ab00000 ---p 00000000 00:00 0 
76ab00000-790000000 rw-p 00000000 00:00 0 
7b0000000-7c0000000 ---p 00000000 00:00 0 
7c0000000-7c0100000 rw-p 00000000 00:00 0 
7c0100000-800000000 ---p 00000000 00:00 0 
7f32a0000000-7f32a00f1000 rw-p 00000000 00:00 0 
7f32a00f1000-7f32a4000000 ---p 00000000 00:00 0 
7f32a4000000-7f32a4021000 rw-p 00000000 00:00 0 
7f32a4021000-7f32a8000000 ---p 00000000 00:00 0 
7f32a8000000-7f32a8021000 rw-p 00000000 00:00 0 
7f32a8021000-7f32ac000000 ---p 00000000 00:00 0 
7f32ac000000-7f32ac021000 rw-p 00000000 00:00 0 
7f32ac021000-7f32b0000000 ---p 00000000 00:00 0 
7f32b0000000-7f32b0271000 rw-p 00000000 00:00 0 
7f32b0271000-7f32b4000000 ---p 00000000 00:00 0 
7f32b4000000-7f32b4177000 rw-p 00000000 00:00 0 
7f32b4177000-7f32b8000000 ---p 00000000 00:00 0 
7f32b8000000-7f32b8021000 rw-p 00000000 00:00 0 
7f32b8021000-7f32bc000000 ---p 00000000 00:00 0 
7f32bc000000-7f32bc1c9000 rw-p 00000000 00:00 0 
7f32bc1c9000-7f32c0000000 ---p 00000000 00:00 0 
7f32c0000000-7f32c0021000 rw-p 00000000 00:00 0 
7f32c0021000-7f32c4000000 ---p 00000000 00:00 0 
7f32c4000000-7f32c4021000 rw-p 00000000 00:00 0 
7f32c4021000-7f32c8000000 ---p 00000000 00:00 0 
7f32c8000000-7f32c8021000 rw-p 00000000 00:00 0 
7f32c8021000-7f32cc000000 ---p 00000000 00:00 0 
7f32cc000000-7f32cc021000 rw-p 00000000 00:00 0 
7f32cc021000-7f32d0000000 ---p 00000000 00:00 0 
7f32d0000000-7f32d0021000 rw-p 00000000 00:00 0 
7f32d0021000-7f32d4000000 ---p 00000000 00:00 0 
7f32d8000000-7f32d8021000 rw-p 00000000 00:00 0 
7f32d8021000-7f32dc000000 ---p 00000000 00:00 0 
7f32de0a7000-7f32de0aa000 ---p 00000000 00:00 0 
7f32de0aa000-7f32de1a8000 rw-p 00000000 00:00 0 
7f32de1a8000-7f32de1b9000 r-xp 00000000 08:11 1318673                    /usr/lib/jvm/java-8-openjdk-amd64/jre/lib/amd64/libnio.so
7f32de1b9000-7f32de3b9000 ---p 00011000 08:11 1318673                    /usr/lib/jvm/java-8-openjdk-amd64/jre/lib/amd64/libnio.so
7f32de3b9000-7f32de3ba000 r--p 00011000 08:11 1318673                    /usr/lib/jvm/java-8-openjdk-amd64/jre/lib/amd64/libnio.so
7f32de3ba000-7f32de3bb000 rw-p 00012000 08:11 1318673                    /usr/lib/jvm/java-8-openjdk-amd64/jre/lib/amd64/libnio.so
7f32de3bb000-7f32de3c4000 r-xp 00000000 08:11 1318680                    /usr/lib/jvm/java-8-openjdk-amd64/jre/lib/amd64/libmanagement.so
7f32de3c4000-7f32de5c3000 ---p 00009000 08:11 1318680                    /usr/lib/jvm/java-8-openjdk-amd64/jre/lib/amd64/libmanagement.so
7f32de5c3000-7f32de5c4000 r--p 00008000 08:11 1318680                    /usr/lib/jvm/java-8-openjdk-amd64/jre/lib/amd64/libmanagement.so
7f32de5c4000-7f32de5c5000 rw-p 00009000 08:11 1318680                    /usr/lib/jvm/java-8-openjdk-amd64/jre/lib/amd64/libmanagement.so
7f32de5c5000-7f32de8c6000 rw-p 00000000 00:00 0 
7f32de8c6000-7f32de8dd000 r-xp 00000000 08:11 1318665                    /usr/lib/jvm/java-8-openjdk-amd64/jre/lib/amd64/libnet.so
7f32de8dd000-7f32deadc000 ---p 00017000 08:11 1318665                    /usr/lib/jvm/java-8-openjdk-amd64/jre/lib/amd64/libnet.so
7f32deadc000-7f32deadd000 r--p 00016000 08:11 1318665                    /usr/lib/jvm/java-8-openjdk-amd64/jre/lib/amd64/libnet.so
7f32deadd000-7f32deade000 rw-p 00017000 08:11 1318665                    /usr/lib/jvm/java-8-openjdk-amd64/jre/lib/amd64/libnet.so
7f32deade000-7f32deae8000 r-xp 00000000 08:11 1318650                    /usr/lib/jvm/java-8-openjdk-amd64/jre/lib/amd64/libinstrument.so
7f32deae8000-7f32dece7000 ---p 0000a000 08:11 1318650                    /usr/lib/jvm/java-8-openjdk-amd64/jre/lib/amd64/libinstrument.so
7f32dece7000-7f32dece8000 r--p 00009000 08:11 1318650                    /usr/lib/jvm/java-8-openjdk-amd64/jre/lib/amd64/libinstrument.so
7f32dece8000-7f32dece9000 rw-p 0000a000 08:11 1318650                    /usr/lib/jvm/java-8-openjdk-amd64/jre/lib/amd64/libinstrument.so
7f32dece9000-7f32decec000 ---p 00000000 00:00 0 
7f32decec000-7f32dedea000 rw-p 00000000 00:00 0 
7f32dedea000-7f32dedeb000 ---p 00000000 00:00 0 
7f32dedeb000-7f32deeeb000 rw-p 00000000 00:00 0 
7f32deeeb000-7f32deeee000 ---p 00000000 00:00 0 
7f32deeee000-7f32defec000 rw-p 00000000 00:00 0 
7f32defec000-7f32defef000 ---p 00000000 00:00 0 
7f32defef000-7f32df0ed000 rw-p 00000000 00:00 0 
7f32df0ed000-7f32df0f0000 ---p 00000000 00:00 0 
7f32df0f0000-7f32df1ee000 rw-p 00000000 00:00 0 
7f32df1ee000-7f32df1f1000 ---p 00000000 00:00 0 
7f32df1f1000-7f32df2ef000 rw-p 00000000 00:00 0 
7f32df2ef000-7f32df2f2000 ---p 00000000 00:00 0 
7f32df2f2000-7f32df3f0000 rw-p 00000000 00:00 0 
7f32df3f0000-7f32df7f8000 r--p 00000000 08:11 1316517                    /usr/lib/locale/locale-archive
7f32df7f8000-7f32df7fb000 ---p 00000000 00:00 0 
7f32df7fb000-7f32df8f9000 rw-p 00000000 00:00 0 
7f32df8f9000-7f32df8fc000 ---p 00000000 00:00 0 
7f32df8fc000-7f32df9fa000 rw-p 00000000 00:00 0 
7f32df9fa000-7f32df9fb000 ---p 00000000 00:00 0 
7f32df9fb000-7f32e0000000 rw-p 00000000 00:00 0 
7f32e0000000-7f32e0021000 rw-p 00000000 00:00 0 
7f32e0021000-7f32e4000000 ---p 00000000 00:00 0 
7f32e4098000-7f32e409c000 r--s 0009a000 08:11 1318709                    /usr/lib/jvm/java-8-openjdk-amd64/jre/lib/jsse.jar
7f32e409c000-7f32e409d000 r--s 00000000 08:11 1318641                    /usr/lib/jvm/java-8-openjdk-amd64/jre/lib/management-agent.jar
7f32e409d000-7f32e40a0000 r--s 0000f000 08:11 1318701                    /usr/lib/jvm/java-8-openjdk-amd64/jre/lib/ext/icedtea-sound.jar
7f32e40a0000-7f32e40a2000 r--s 00001000 08:11 1318700                    /usr/lib/jvm/java-8-openjdk-amd64/jre/lib/ext/dnsns.jar
7f32e40a2000-7f32e40bd000 r--s 00394000 08:11 1318702                    /usr/lib/jvm/java-8-openjdk-amd64/jre/lib/ext/cldrdata.jar
7f32e40bd000-7f32e40d8000 r--s 001d6000 08:11 1318699                    /usr/lib/jvm/java-8-openjdk-amd64/jre/lib/ext/nashorn.jar
7f32e40d8000-7f32e4ec0000 rw-p 00000000 00:00 0 
7f32e4ec0000-7f32e5000000 ---p 00000000 00:00 0 
7f32e5000000-7f32ed000000 rw-p 00000000 00:00 0 
7f32ed000000-7f32ed270000 rwxp 00000000 00:00 0 
7f32ed270000-7f32fc000000 ---p 00000000 00:00 0 
7f32fc000000-7f32fc14d000 rw-p 00000000 00:00 0 
7f32fc14d000-7f3300000000 ---p 00000000 00:00 0 
7f3300000000-7f3300001000 r--s 00010000 08:11 1318703                    /usr/lib/jvm/java-8-openjdk-amd64/jre/lib/ext/zipfs.jar
7f3300001000-7f3300006000 r--s 0003b000 08:11 1318706                    /usr/lib/jvm/java-8-openjdk-amd64/jre/lib/ext/sunjce_provider.jar
7f3300006000-7f3300010000 r--s 00116000 08:11 1318705                    /usr/lib/jvm/java-8-openjdk-amd64/jre/lib/ext/localedata.jar
7f3300010000-7f3300376000 rw-p 00000000 00:00 0 
7f3300376000-7f3300544000 r--s 03c06000 08:11 1318713                    /usr/lib/jvm/java-8-openjdk-amd64/jre/lib/rt.jar
7f3300544000-7f3300e15000 rw-p 00000000 00:00 0 
7f3300e15000-7f3300e16000 ---p 00000000 00:00 0 
7f3300e16000-7f3300f16000 rw-p 00000000 00:00 0 
7f3300f16000-7f3300f17000 ---p 00000000 00:00 0 
7f3300f17000-7f3301017000 rw-p 00000000 00:00 0 
7f3301017000-7f3301018000 ---p 00000000 00:00 0 
7f3301018000-7f3301118000 rw-p 00000000 00:00 0 
7f3301118000-7f3301119000 ---p 00000000 00:00 0 
7f3301119000-7f330136f000 rw-p 00000000 00:00 0 
7f330136f000-7f330176f000 ---p 00000000 00:00 0 
7f330176f000-7f33018c5000 rw-p 00000000 00:00 0 
7f33018c5000-7f3301cc4000 ---p 00000000 00:00 0 
7f3301cc4000-7f3301def000 rw-p 00000000 00:00 0 
7f3301def000-7f3301f6f000 ---p 00000000 00:00 0 
7f3301f6f000-7f3301f7a000 rw-p 00000000 00:00 0 
7f3301f7a000-7f3302330000 ---p 00000000 00:00 0 
7f3302330000-7f3302338000 r-xp 00000000 08:11 1318663                    /usr/lib/jvm/java-8-openjdk-amd64/jre/lib/amd64/libzip.so
7f3302338000-7f3302537000 ---p 00008000 08:11 1318663                    /usr/lib/jvm/java-8-openjdk-amd64/jre/lib/amd64/libzip.so
7f3302537000-7f3302538000 r--p 00007000 08:11 1318663                    /usr/lib/jvm/java-8-openjdk-amd64/jre/lib/amd64/libzip.so
7f3302538000-7f3302539000 rw-p 00008000 08:11 1318663                    /usr/lib/jvm/java-8-openjdk-amd64/jre/lib/amd64/libzip.so
7f3302539000-7f3302544000 r-xp 00000000 08:11 263690                     /lib/x86_64-linux-gnu/libnss_files-2.23.so
7f3302544000-7f3302743000 ---p 0000b000 08:11 263690                     /lib/x86_64-linux-gnu/libnss_files-2.23.so
7f3302743000-7f3302744000 r--p 0000a000 08:11 263690                     /lib/x86_64-linux-gnu/libnss_files-2.23.so
7f3302744000-7f3302745000 rw-p 0000b000 08:11 263690                     /lib/x86_64-linux-gnu/libnss_files-2.23.so
7f3302745000-7f330274b000 rw-p 00000000 00:00 0 
7f330274b000-7f3302756000 r-xp 00000000 08:11 263679                     /lib/x86_64-linux-gnu/libnss_nis-2.23.so
7f3302756000-7f3302955000 ---p 0000b000 08:11 263679                     /lib/x86_64-linux-gnu/libnss_nis-2.23.so
7f3302955000-7f3302956000 r--p 0000a000 08:11 263679                     /lib/x86_64-linux-gnu/libnss_nis-2.23.so
7f3302956000-7f3302957000 rw-p 0000b000 08:11 263679                     /lib/x86_64-linux-gnu/libnss_nis-2.23.so
7f3302957000-7f330296d000 r-xp 00000000 08:11 263681                     /lib/x86_64-linux-gnu/libnsl-2.23.so
7f330296d000-7f3302b6c000 ---p 00016000 08:11 263681                     /lib/x86_64-linux-gnu/libnsl-2.23.so
7f3302b6c000-7f3302b6d000 r--p 00015000 08:11 263681                     /lib/x86_64-linux-gnu/libnsl-2.23.so
7f3302b6d000-7f3302b6e000 rw-p 00016000 08:11 263681                     /lib/x86_64-linux-gnu/libnsl-2.23.so
7f3302b6e000-7f3302b70000 rw-p 00000000 00:00 0 
7f3302b70000-7f3302b78000 r-xp 00000000 08:11 263692                     /lib/x86_64-linux-gnu/libnss_compat-2.23.so
7f3302b78000-7f3302d77000 ---p 00008000 08:11 263692                     /lib/x86_64-linux-gnu/libnss_compat-2.23.so
7f3302d77000-7f3302d78000 r--p 00007000 08:11 263692                     /lib/x86_64-linux-gnu/libnss_compat-2.23.so
7f3302d78000-7f3302d79000 rw-p 00008000 08:11 263692                     /lib/x86_64-linux-gnu/libnss_compat-2.23.so
7f3302d79000-7f3302da6000 r-xp 00000000 08:11 1318688                    /usr/lib/jvm/java-8-openjdk-amd64/jre/lib/amd64/libjava.so
7f3302da6000-7f3302fa5000 ---p 0002d000 08:11 1318688                    /usr/lib/jvm/java-8-openjdk-amd64/jre/lib/amd64/libjava.so
7f3302fa5000-7f3302fa6000 r--p 0002c000 08:11 1318688                    /usr/lib/jvm/java-8-openjdk-amd64/jre/lib/amd64/libjava.so
7f3302fa6000-7f3302fa8000 rw-p 0002d000 08:11 1318688                    /usr/lib/jvm/java-8-openjdk-amd64/jre/lib/amd64/libjava.so
7f3302fa8000-7f3302fb7000 r-xp 00000000 08:11 1318648                    /usr/lib/jvm/java-8-openjdk-amd64/jre/lib/amd64/libverify.so
7f3302fb7000-7f33031b6000 ---p 0000f000 08:11 1318648                    /usr/lib/jvm/java-8-openjdk-amd64/jre/lib/amd64/libverify.so
7f33031b6000-7f33031b8000 r--p 0000e000 08:11 1318648                    /usr/lib/jvm/java-8-openjdk-amd64/jre/lib/amd64/libverify.so
7f33031b8000-7f33031b9000 rw-p 00010000 08:11 1318648                    /usr/lib/jvm/java-8-openjdk-amd64/jre/lib/amd64/libverify.so
7f33031b9000-7f33031c0000 r-xp 00000000 08:11 263693                     /lib/x86_64-linux-gnu/librt-2.23.so
7f33031c0000-7f33033bf000 ---p 00007000 08:11 263693                     /lib/x86_64-linux-gnu/librt-2.23.so
7f33033bf000-7f33033c0000 r--p 00006000 08:11 263693                     /lib/x86_64-linux-gnu/librt-2.23.so
7f33033c0000-7f33033c1000 rw-p 00007000 08:11 263693                     /lib/x86_64-linux-gnu/librt-2.23.so
7f33033c1000-7f33033d7000 r-xp 00000000 08:11 267556                     /lib/x86_64-linux-gnu/libgcc_s.so.1
7f33033d7000-7f33035d6000 ---p 00016000 08:11 267556                     /lib/x86_64-linux-gnu/libgcc_s.so.1
7f33035d6000-7f33035d7000 rw-p 00015000 08:11 267556                     /lib/x86_64-linux-gnu/libgcc_s.so.1
7f33035d7000-7f33036df000 r-xp 00000000 08:11 263680                     /lib/x86_64-linux-gnu/libm-2.23.so
7f33036df000-7f33038de000 ---p 00108000 08:11 263680                     /lib/x86_64-linux-gnu/libm-2.23.so
7f33038de000-7f33038df000 r--p 00107000 08:11 263680                     /lib/x86_64-linux-gnu/libm-2.23.so
7f33038df000-7f33038e0000 rw-p 00108000 08:11 263680                     /lib/x86_64-linux-gnu/libm-2.23.so
7f33038e0000-7f3303a52000 r-xp 00000000 08:11 1325550                    /usr/lib/x86_64-linux-gnu/libstdc++.so.6.0.21
7f3303a52000-7f3303c52000 ---p 00172000 08:11 1325550                    /usr/lib/x86_64-linux-gnu/libstdc++.so.6.0.21
7f3303c52000-7f3303c5c000 r--p 00172000 08:11 1325550                    /usr/lib/x86_64-linux-gnu/libstdc++.so.6.0.21
7f3303c5c000-7f3303c5e000 rw-p 0017c000 08:11 1325550                    /usr/lib/x86_64-linux-gnu/libstdc++.so.6.0.21
7f3303c5e000-7f3303c62000 rw-p 00000000 00:00 0 
7f3303c62000-7f33048b2000 r-xp 00000000 08:11 1318683                    /usr/lib/jvm/java-8-openjdk-amd64/jre/lib/amd64/server/libjvm.so
7f33048b2000-7f3304ab1000 ---p 00c50000 08:11 1318683                    /usr/lib/jvm/java-8-openjdk-amd64/jre/lib/amd64/server/libjvm.so
7f3304ab1000-7f3304b44000 r--p 00c4f000 08:11 1318683                    /usr/lib/jvm/java-8-openjdk-amd64/jre/lib/amd64/server/libjvm.so
7f3304b44000-7f3304b6d000 rw-p 00ce2000 08:11 1318683                    /usr/lib/jvm/java-8-openjdk-amd64/jre/lib/amd64/server/libjvm.so
7f3304b6d000-7f3304b9d000 rw-p 00000000 00:00 0 
7f3304b9d000-7f3304bb5000 r-xp 00000000 08:11 263697                     /lib/x86_64-linux-gnu/libpthread-2.23.so
7f3304bb5000-7f3304db4000 ---p 00018000 08:11 263697                     /lib/x86_64-linux-gnu/libpthread-2.23.so
7f3304db4000-7f3304db5000 r--p 00017000 08:11 263697                     /lib/x86_64-linux-gnu/libpthread-2.23.so
7f3304db5000-7f3304db6000 rw-p 00018000 08:11 263697                     /lib/x86_64-linux-gnu/libpthread-2.23.so
7f3304db6000-7f3304dba000 rw-p 00000000 00:00 0 
7f3304dba000-7f3304dbd000 r-xp 00000000 08:11 263661                     /lib/x86_64-linux-gnu/libdl-2.23.so
7f3304dbd000-7f3304fbc000 ---p 00003000 08:11 263661                     /lib/x86_64-linux-gnu/libdl-2.23.so
7f3304fbc000-7f3304fbd000 r--p 00002000 08:11 263661                     /lib/x86_64-linux-gnu/libdl-2.23.so
7f3304fbd000-7f3304fbe000 rw-p 00003000 08:11 263661                     /lib/x86_64-linux-gnu/libdl-2.23.so
7f3304fbe000-7f3304fd7000 r-xp 00000000 08:11 267709                     /lib/x86_64-linux-gnu/libz.so.1.2.8
7f3304fd7000-7f33051d6000 ---p 00019000 08:11 267709                     /lib/x86_64-linux-gnu/libz.so.1.2.8
7f33051d6000-7f33051d7000 r--p 00018000 08:11 267709                     /lib/x86_64-linux-gnu/libz.so.1.2.8
7f33051d7000-7f33051d8000 rw-p 00019000 08:11 267709                     /lib/x86_64-linux-gnu/libz.so.1.2.8
7f33051d8000-7f3305397000 r-xp 00000000 08:11 263686                     /lib/x86_64-linux-gnu/libc-2.23.so
7f3305397000-7f3305597000 ---p 001bf000 08:11 263686                     /lib/x86_64-linux-gnu/libc-2.23.so
7f3305597000-7f330559b000 r--p 001bf000 08:11 263686                     /lib/x86_64-linux-gnu/libc-2.23.so
7f330559b000-7f330559d000 rw-p 001c3000 08:11 263686                     /lib/x86_64-linux-gnu/libc-2.23.so
7f330559d000-7f33055a1000 rw-p 00000000 00:00 0 
7f33055a1000-7f33055ae000 r-xp 00000000 08:11 1318678                    /usr/lib/jvm/java-8-openjdk-amd64/jre/lib/amd64/jli/libjli.so
7f33055ae000-7f33057ae000 ---p 0000d000 08:11 1318678                    /usr/lib/jvm/java-8-openjdk-amd64/jre/lib/amd64/jli/libjli.so
7f33057ae000-7f33057af000 r--p 0000d000 08:11 1318678                    /usr/lib/jvm/java-8-openjdk-amd64/jre/lib/amd64/jli/libjli.so
7f33057af000-7f33057b0000 rw-p 0000e000 08:11 1318678                    /usr/lib/jvm/java-8-openjdk-amd64/jre/lib/amd64/jli/libjli.so
7f33057b0000-7f33057d6000 r-xp 00000000 08:11 263687                     /lib/x86_64-linux-gnu/ld-2.23.so
7f33057d6000-7f33057d7000 r--s 0000a000 08:11 1318707                    /usr/lib/jvm/java-8-openjdk-amd64/jre/lib/ext/jaccess.jar
7f33057d7000-7f33057db000 r--s 00037000 08:11 1318704                    /usr/lib/jvm/java-8-openjdk-amd64/jre/lib/ext/sunpkcs11.jar
7f33057db000-7f33058a0000 rw-p 00000000 00:00 0 
7f33058a0000-7f33058a3000 ---p 00000000 00:00 0 
7f33058a3000-7f33059a6000 rw-p 00000000 00:00 0 
7f33059a6000-7f33059a8000 r--s 00008000 08:11 1318698                    /usr/lib/jvm/java-8-openjdk-amd64/jre/lib/ext/sunec.jar
7f33059a8000-7f33059c9000 rw-p 00000000 00:00 0 
7f33059c9000-7f33059d1000 rw-s 00000000 08:02 55                         /tmp/hsperfdata_nikola/21015
7f33059d1000-7f33059d2000 rw-p 00000000 00:00 0 
7f33059d2000-7f33059d3000 ---p 00000000 00:00 0 
7f33059d3000-7f33059d5000 rw-p 00000000 00:00 0 
7f33059d5000-7f33059d6000 r--p 00025000 08:11 263687                     /lib/x86_64-linux-gnu/ld-2.23.so
7f33059d6000-7f33059d7000 rw-p 00026000 08:11 263687                     /lib/x86_64-linux-gnu/ld-2.23.so
7f33059d7000-7f33059d8000 rw-p 00000000 00:00 0 
7ffcc17ad000-7ffcc17ce000 rw-p 00000000 00:00 0                          [stack]
7ffcc17da000-7ffcc17dc000 r--p 00000000 00:00 0                          [vvar]
7ffcc17dc000-7ffcc17de000 r-xp 00000000 00:00 0                          [vdso]
ffffffffff600000-ffffffffff601000 r-xp 00000000 00:00 0                  [vsyscall]

VM Arguments:
jvm_args: -Xms1g -Xmx4g -Dfile.encoding=UTF-8 
java_command: example.GraphGenerator
java_class_path (initial): /home/nikola/workspace-personal/interoffice-travel/bin
Launcher Type: SUN_STANDARD

Environment Variables:
JAVA_HOME=/usr/lib/jvm/java-8-openjdk-amd64
PATH=/home/nikola/bin:/home/nikola/.local/bin:/usr/lib/jvm/java-8-openjdk-amd64/bin:/usr/local/sbin:/usr/local/bin:/usr/sbin:/usr/bin:/sbin:/bin:/usr/games:/usr/local/games
SHELL=/bin/bash
DISPLAY=:0

Signal Handlers:
SIGSEGV: [libjvm.so+0xa66fd0], sa_mask[0]=11111111011111111101111111111110, sa_flags=SA_RESTART|SA_SIGINFO
SIGBUS: [libjvm.so+0xa66fd0], sa_mask[0]=11111111011111111101111111111110, sa_flags=SA_RESTART|SA_SIGINFO
SIGFPE: [libjvm.so+0x8b0180], sa_mask[0]=11111111011111111101111111111110, sa_flags=SA_RESTART|SA_SIGINFO
SIGPIPE: [libjvm.so+0x8b0180], sa_mask[0]=11111111011111111101111111111110, sa_flags=SA_RESTART|SA_SIGINFO
SIGXFSZ: [libjvm.so+0x8b0180], sa_mask[0]=11111111011111111101111111111110, sa_flags=SA_RESTART|SA_SIGINFO
SIGILL: [libjvm.so+0x8b0180], sa_mask[0]=11111111011111111101111111111110, sa_flags=SA_RESTART|SA_SIGINFO
SIGUSR1: SIG_DFL, sa_mask[0]=00000000000000000000000000000000, sa_flags=none
SIGUSR2: [libjvm.so+0x8b0030], sa_mask[0]=00100000000000000000000000000000, sa_flags=SA_RESTART|SA_SIGINFO
SIGHUP: [libjvm.so+0x8b0500], sa_mask[0]=11111111011111111101111111111110, sa_flags=SA_RESTART|SA_SIGINFO
SIGINT: [libjvm.so+0x8b0500], sa_mask[0]=11111111011111111101111111111110, sa_flags=SA_RESTART|SA_SIGINFO
SIGTERM: [libjvm.so+0x8b0500], sa_mask[0]=11111111011111111101111111111110, sa_flags=SA_RESTART|SA_SIGINFO
SIGQUIT: [libjvm.so+0x8b0500], sa_mask[0]=11111111011111111101111111111110, sa_flags=SA_RESTART|SA_SIGINFO


---------------  S Y S T E M  ---------------

OS:DISTRIB_ID=LinuxMint
DISTRIB_RELEASE=18.1
DISTRIB_CODENAME=serena
DISTRIB_DESCRIPTION="Linux Mint 18.1 Serena"

uname:Linux 4.4.0-53-generic #74-Ubuntu SMP Fri Dec 2 15:59:10 UTC 2016 x86_64
libc:glibc 2.23 NPTL 2.23 
rlimit: STACK 8192k, CORE 0k, NPROC 27218, NOFILE 65536, AS infinity
load average:0,44 0,48 0,75

/proc/meminfo:
MemTotal:        7010632 kB
MemFree:          163436 kB
MemAvailable:     120496 kB
Buffers:            4604 kB
Cached:           522724 kB
SwapCached:            0 kB
Active:          6202712 kB
Inactive:         388188 kB
Active(anon):    6147704 kB
Inactive(anon):   323016 kB
Active(file):      55008 kB
Inactive(file):    65172 kB
Unevictable:          32 kB
Mlocked:              32 kB
SwapTotal:             0 kB
SwapFree:              0 kB
Dirty:               168 kB
Writeback:             0 kB
AnonPages:       6064312 kB
Mapped:           210248 kB
Shmem:            406440 kB
Slab:             121172 kB
SReclaimable:      71952 kB
SUnreclaim:        49220 kB
KernelStack:       13184 kB
PageTables:        62244 kB
NFS_Unstable:          0 kB
Bounce:                0 kB
WritebackTmp:          0 kB
CommitLimit:     3505316 kB
Committed_AS:   10106340 kB
VmallocTotal:   34359738367 kB
VmallocUsed:           0 kB
VmallocChunk:          0 kB
HardwareCorrupted:     0 kB
AnonHugePages:   1822720 kB
CmaTotal:              0 kB
CmaFree:               0 kB
HugePages_Total:       0
HugePages_Free:        0
HugePages_Rsvd:        0
HugePages_Surp:        0
Hugepagesize:       2048 kB
DirectMap4k:      202012 kB
DirectMap2M:     7006208 kB


CPU:total 4 (2 cores per cpu, 2 threads per core) family 6 model 58 stepping 9, cmov, cx8, fxsr, mmx, sse, sse2, sse3, ssse3, sse4.1, sse4.2, popcnt, avx, aes, clmul, erms, ht, tsc, tscinvbit, tscinv

/proc/cpuinfo:
processor	: 0
vendor_id	: GenuineIntel
cpu family	: 6
model		: 58
model name	: Intel(R) Core(TM) i5-3210M CPU @ 2.50GHz
stepping	: 9
microcode	: 0x17
cpu MHz		: 2733.984
cache size	: 3072 KB
physical id	: 0
siblings	: 4
core id		: 0
cpu cores	: 2
apicid		: 0
initial apicid	: 0
fpu		: yes
fpu_exception	: yes
cpuid level	: 13
wp		: yes
flags		: fpu vme de pse tsc msr pae mce cx8 apic sep mtrr pge mca cmov pat pse36 clflush dts acpi mmx fxsr sse sse2 ss ht tm pbe syscall nx rdtscp lm constant_tsc arch_perfmon pebs bts rep_good nopl xtopology nonstop_tsc aperfmperf eagerfpu pni pclmulqdq dtes64 monitor ds_cpl vmx est tm2 ssse3 cx16 xtpr pdcm pcid sse4_1 sse4_2 x2apic popcnt tsc_deadline_timer aes xsave avx f16c rdrand lahf_lm epb tpr_shadow vnmi flexpriority ept vpid fsgsbase smep erms xsaveopt dtherm ida arat pln pts
bugs		:
bogomips	: 4988.58
clflush size	: 64
cache_alignment	: 64
address sizes	: 36 bits physical, 48 bits virtual
power management:

processor	: 1
vendor_id	: GenuineIntel
cpu family	: 6
model		: 58
model name	: Intel(R) Core(TM) i5-3210M CPU @ 2.50GHz
stepping	: 9
microcode	: 0x17
cpu MHz		: 2433.984
cache size	: 3072 KB
physical id	: 0
siblings	: 4
core id		: 0
cpu cores	: 2
apicid		: 1
initial apicid	: 1
fpu		: yes
fpu_exception	: yes
cpuid level	: 13
wp		: yes
flags		: fpu vme de pse tsc msr pae mce cx8 apic sep mtrr pge mca cmov pat pse36 clflush dts acpi mmx fxsr sse sse2 ss ht tm pbe syscall nx rdtscp lm constant_tsc arch_perfmon pebs bts rep_good nopl xtopology nonstop_tsc aperfmperf eagerfpu pni pclmulqdq dtes64 monitor ds_cpl vmx est tm2 ssse3 cx16 xtpr pdcm pcid sse4_1 sse4_2 x2apic popcnt tsc_deadline_timer aes xsave avx f16c rdrand lahf_lm epb tpr_shadow vnmi flexpriority ept vpid fsgsbase smep erms xsaveopt dtherm ida arat pln pts
bugs		:
bogomips	: 4988.58
clflush size	: 64
cache_alignment	: 64
address sizes	: 36 bits physical, 48 bits virtual
power management:

processor	: 2
vendor_id	: GenuineIntel
cpu family	: 6
model		: 58
model name	: Intel(R) Core(TM) i5-3210M CPU @ 2.50GHz
stepping	: 9
microcode	: 0x17
cpu MHz		: 2486.816
cache size	: 3072 KB
physical id	: 0
siblings	: 4
core id		: 1
cpu cores	: 2
apicid		: 2
initial apicid	: 2
fpu		: yes
fpu_exception	: yes
cpuid level	: 13
wp		: yes
flags		: fpu vme de pse tsc msr pae mce cx8 apic sep mtrr pge mca cmov pat pse36 clflush dts acpi mmx fxsr sse sse2 ss ht tm pbe syscall nx rdtscp lm constant_tsc arch_perfmon pebs bts rep_good nopl xtopology nonstop_tsc aperfmperf eagerfpu pni pclmulqdq dtes64 monitor ds_cpl vmx est tm2 ssse3 cx16 xtpr pdcm pcid sse4_1 sse4_2 x2apic popcnt tsc_deadline_timer aes xsave avx f16c rdrand lahf_lm epb tpr_shadow vnmi flexpriority ept vpid fsgsbase smep erms xsaveopt dtherm ida arat pln pts
bugs		:
bogomips	: 4988.58
clflush size	: 64
cache_alignment	: 64
address sizes	: 36 bits physical, 48 bits virtual
power management:

processor	: 3
vendor_id	: GenuineIntel
cpu family	: 6
model		: 58
model name	: Intel(R) Core(TM) i5-3210M CPU @ 2.50GHz
stepping	: 9
microcode	: 0x17
cpu MHz		: 2621.093
cache size	: 3072 KB
physical id	: 0
siblings	: 4
core id		: 1
cpu cores	: 2
apicid		: 3
initial apicid	: 3
fpu		: yes
fpu_exception	: yes
cpuid level	: 13
wp		: yes
flags		: fpu vme de pse tsc msr pae mce cx8 apic sep mtrr pge mca cmov pat pse36 clflush dts acpi mmx fxsr sse sse2 ss ht tm pbe syscall nx rdtscp lm constant_tsc arch_perfmon pebs bts rep_good nopl xtopology nonstop_tsc aperfmperf eagerfpu pni pclmulqdq dtes64 monitor ds_cpl vmx est tm2 ssse3 cx16 xtpr pdcm pcid sse4_1 sse4_2 x2apic popcnt tsc_deadline_timer aes xsave avx f16c rdrand lahf_lm epb tpr_shadow vnmi flexpriority ept vpid fsgsbase smep erms xsaveopt dtherm ida arat pln pts
bugs		:
bogomips	: 4988.58
clflush size	: 64
cache_alignment	: 64
address sizes	: 36 bits physical, 48 bits virtual
power management:



Memory: 4k page, physical 7010632k(163188k free), swap 0k(0k free)

vm_info: OpenJDK 64-Bit Server VM (25.121-b13) for linux-amd64 JRE (1.8.0_121-8u121-b13-0ubuntu1.16.04.2-b13), built on Jan 23 2017 15:51:29 by "buildd" with gcc 5.4.0 20160609

time: Sat Apr 29 18:48:42 2017
elapsed time: 3 seconds (0d 0h 0m 3s)

